<?xml version="1.0" encoding="UTF-8"?>
<testsuite name="TestCurso" tests="2" skipped="0" failures="0" errors="0" timestamp="2025-05-07T23:35:55" hostname="MERCEDES" time="0.024">
  <properties/>
  <testcase name="testRemoveCurso()" classname="TestCurso" time="0.022"/>
  <testcase name="testAddCurso()" classname="TestCurso" time="0.0"/>
  <system-out><![CDATA[]]></system-out>
  <system-err><![CDATA[]]></system-err>
</testsuite>
